2023-06-30 15:09:55,027 INFO o.a.j.u.JMeterUtils: Setting Locale to en_US
2023-06-30 15:09:55,042 INFO o.a.j.JMeter: Loading user properties from: /Users/tmarsh/Downloads/apache-jmeter-5.6/bin/user.properties
2023-06-30 15:09:55,042 INFO o.a.j.JMeter: Loading system properties from: /Users/tmarsh/Downloads/apache-jmeter-5.6/bin/system.properties
2023-06-30 15:09:55,045 INFO o.a.j.JMeter: Copyright (c) 1998-2023 The Apache Software Foundation
2023-06-30 15:09:55,045 INFO o.a.j.JMeter: Version 5.6
2023-06-30 15:09:55,045 INFO o.a.j.JMeter: java.version=19.0.2
2023-06-30 15:09:55,046 INFO o.a.j.JMeter: java.vm.name=OpenJDK 64-Bit Server VM
2023-06-30 15:09:55,046 INFO o.a.j.JMeter: os.name=Mac OS X
2023-06-30 15:09:55,046 INFO o.a.j.JMeter: os.arch=aarch64
2023-06-30 15:09:55,046 INFO o.a.j.JMeter: os.version=13.4
2023-06-30 15:09:55,046 INFO o.a.j.JMeter: file.encoding=UTF-8
2023-06-30 15:09:55,046 INFO o.a.j.JMeter: java.awt.headless=null
2023-06-30 15:09:55,046 INFO o.a.j.JMeter: Max memory     =4294967296
2023-06-30 15:09:55,046 INFO o.a.j.JMeter: Available Processors =8
2023-06-30 15:09:55,051 INFO o.a.j.JMeter: Default Locale=English (United States)
2023-06-30 15:09:55,051 INFO o.a.j.JMeter: JMeter  Locale=English (United States)
2023-06-30 15:09:55,051 INFO o.a.j.JMeter: JMeterHome=/Users/tmarsh/Downloads/apache-jmeter-5.6
2023-06-30 15:09:55,051 INFO o.a.j.JMeter: user.dir  =/Users/tmarsh/Desktop/repos/utility_helper/performance
2023-06-30 15:09:55,051 INFO o.a.j.JMeter: PWD       =/Users/tmarsh/Desktop/repos/utility_helper/performance
2023-06-30 15:09:55,052 INFO o.a.j.JMeter: IP: 127.0.0.1 Name: AndALeg-4.local FullName: localhost
2023-06-30 15:09:55,061 INFO o.a.j.JMeter: Loaded icon properties from org/apache/jmeter/images/icon.properties
2023-06-30 15:09:55,385 INFO o.a.j.JMeterGuiLauncher: Setting LAF to: com.github.weisj.darklaf.DarkLaf:com.github.weisj.darklaf.theme.DarculaTheme
2023-06-30 15:10:02,552 INFO o.a.j.s.FileServer: Default base='/Users/tmarsh/Desktop/repos/utility_helper/performance'
2023-06-30 15:10:02,554 INFO o.a.j.g.a.Load: Loading file: /Users/tmarsh/repos/utility_helper/performance/performance.jmx
2023-06-30 15:10:02,554 INFO o.a.j.s.FileServer: Set new base='/Users/tmarsh/repos/utility_helper/performance'
2023-06-30 15:10:02,649 INFO o.a.j.s.SaveService: Testplan (JMX) version: 2.2. Testlog (JTL) version: 2.2
2023-06-30 15:10:02,663 INFO o.a.j.s.SaveService: Using SaveService properties version 5.0
2023-06-30 15:10:02,664 INFO o.a.j.s.SaveService: Using SaveService properties file encoding UTF-8
2023-06-30 15:10:02,664 INFO o.a.j.s.SaveService: Loading file: /Users/tmarsh/repos/utility_helper/performance/performance.jmx
2023-06-30 15:10:02,683 INFO o.a.j.p.h.s.HTTPSamplerBase: Parser for text/html is org.apache.jmeter.protocol.http.parser.LagartoBasedHtmlParser
2023-06-30 15:10:02,683 INFO o.a.j.p.h.s.HTTPSamplerBase: Parser for application/xhtml+xml is org.apache.jmeter.protocol.http.parser.LagartoBasedHtmlParser
2023-06-30 15:10:02,683 INFO o.a.j.p.h.s.HTTPSamplerBase: Parser for application/xml is org.apache.jmeter.protocol.http.parser.LagartoBasedHtmlParser
2023-06-30 15:10:02,683 INFO o.a.j.p.h.s.HTTPSamplerBase: Parser for text/xml is org.apache.jmeter.protocol.http.parser.LagartoBasedHtmlParser
2023-06-30 15:10:02,683 INFO o.a.j.p.h.s.HTTPSamplerBase: Parser for text/vnd.wap.wml is org.apache.jmeter.protocol.http.parser.RegexpHTMLParser
2023-06-30 15:10:02,683 INFO o.a.j.p.h.s.HTTPSamplerBase: Parser for text/css is org.apache.jmeter.protocol.http.parser.CssParser
2023-06-30 15:10:02,799 INFO o.a.j.s.SampleResult: Note: Sample TimeStamps are START times
2023-06-30 15:10:02,799 INFO o.a.j.s.SampleResult: sampleresult.default.encoding is set to ISO-8859-1
2023-06-30 15:10:02,799 INFO o.a.j.s.SampleResult: sampleresult.useNanoTime=true
2023-06-30 15:10:02,799 INFO o.a.j.s.SampleResult: sampleresult.nanoThreadSleep=5000
2023-06-30 15:10:02,877 ERROR o.a.j.v.ViewResultsFullVisualizer: Exception registering implementation: [org.apache.jmeter.visualizers.RenderInBrowser] of interface: [interface org.apache.jmeter.visualizers.ResultRenderer], a jar is probably missing
java.util.ServiceConfigurationError: org.apache.jmeter.visualizers.ResultRenderer: org.apache.jmeter.visualizers.RenderInBrowser Unable to get public no-arg constructor
	at java.util.ServiceLoader.fail(ServiceLoader.java:586) ~[?:?]
	at java.util.ServiceLoader.getConstructor(ServiceLoader.java:679) ~[?:?]
	at java.util.ServiceLoader$LazyClassPathLookupIterator.hasNextService(ServiceLoader.java:1240) ~[?:?]
	at java.util.ServiceLoader$LazyClassPathLookupIterator.hasNext(ServiceLoader.java:1273) ~[?:?]
	at java.util.ServiceLoader$2.hasNext(ServiceLoader.java:1309) ~[?:?]
	at java.util.ServiceLoader$3.hasNext(ServiceLoader.java:1393) ~[?:?]
	at org.apache.jorphan.reflect.ClassFinder.loadServices(ClassFinder.java:115) ~[jorphan.jar:5.6]
	at org.apache.jmeter.util.JMeterUtils.loadServicesAndScanJars(JMeterUtils.java:345) ~[ApacheJMeter_core.jar:5.6]
	at org.apache.jmeter.visualizers.ViewResultsFullVisualizer.createComboRender(ViewResultsFullVisualizer.java:464) ~[ApacheJMeter_components.jar:5.6]
	at org.apache.jmeter.visualizers.ViewResultsFullVisualizer.createLeftPanel(ViewResultsFullVisualizer.java:438) ~[ApacheJMeter_components.jar:5.6]
	at org.apache.jmeter.visualizers.ViewResultsFullVisualizer.init(ViewResultsFullVisualizer.java:349) ~[ApacheJMeter_components.jar:5.6]
	at org.apache.jmeter.visualizers.ViewResultsFullVisualizer.<init>(ViewResultsFullVisualizer.java:156) ~[ApacheJMeter_components.jar:5.6]
	at jdk.internal.reflect.DirectConstructorHandleAccessor.newInstance(DirectConstructorHandleAccessor.java:67) ~[?:?]
	at java.lang.reflect.Constructor.newInstanceWithCaller(Constructor.java:500) ~[?:?]
	at java.lang.reflect.Constructor.newInstance(Constructor.java:484) ~[?:?]
	at org.apache.jmeter.gui.GuiPackage.getGuiFromCache(GuiPackage.java:424) ~[ApacheJMeter_core.jar:5.6]
	at org.apache.jmeter.gui.GuiPackage.getGui(GuiPackage.java:267) ~[ApacheJMeter_core.jar:5.6]
	at org.apache.jmeter.gui.GuiPackage.getGui(GuiPackage.java:238) ~[ApacheJMeter_core.jar:5.6]
	at org.apache.jmeter.gui.tree.JMeterTreeModel.addComponent(JMeterTreeModel.java:160) ~[ApacheJMeter_core.jar:5.6]
	at org.apache.jmeter.gui.tree.JMeterTreeModel.addSubTree(JMeterTreeModel.java:131) ~[ApacheJMeter_core.jar:5.6]
	at org.apache.jmeter.gui.tree.JMeterTreeModel.addSubTree(JMeterTreeModel.java:123) ~[ApacheJMeter_core.jar:5.6]
	at org.apache.jmeter.gui.GuiPackage.addSubTree(GuiPackage.java:555) ~[ApacheJMeter_core.jar:5.6]
	at org.apache.jmeter.gui.action.Load.insertLoadedTree(Load.java:201) ~[ApacheJMeter_core.jar:5.6]
	at org.apache.jmeter.gui.action.Load.loadProjectFile(Load.java:132) ~[ApacheJMeter_core.jar:5.6]
	at org.apache.jmeter.gui.action.Load.loadProjectFile(Load.java:103) ~[ApacheJMeter_core.jar:5.6]
	at org.apache.jmeter.gui.action.LoadRecentProject.doActionAfterCheck(LoadRecentProject.java:74) ~[ApacheJMeter_core.jar:5.6]
	at org.apache.jmeter.gui.action.AbstractActionWithNoRunningTest.doAction(AbstractActionWithNoRunningTest.java:44) ~[ApacheJMeter_core.jar:5.6]
	at org.apache.jmeter.gui.action.ActionRouter.performAction(ActionRouter.java:83) ~[ApacheJMeter_core.jar:5.6]
	at org.apache.jmeter.gui.action.ActionRouter.lambda$actionPerformed$0(ActionRouter.java:65) ~[ApacheJMeter_core.jar:5.6]
	at java.awt.event.InvocationEvent.dispatch(InvocationEvent.java:318) ~[?:?]
	at java.awt.EventQueue.dispatchEventImpl(EventQueue.java:773) ~[?:?]
	at java.awt.EventQueue$4.run(EventQueue.java:720) ~[?:?]
	at java.awt.EventQueue$4.run(EventQueue.java:714) ~[?:?]
	at java.security.AccessController.doPrivileged(AccessController.java:399) [?:?]
	at java.security.ProtectionDomain$JavaSecurityAccessImpl.doIntersectionPrivilege(ProtectionDomain.java:86) [?:?]
	at java.awt.EventQueue.dispatchEvent(EventQueue.java:742) [?:?]
	at java.awt.EventDispatchThread.pumpOneEventForFilters(EventDispatchThread.java:203) [?:?]
	at java.awt.EventDispatchThread.pumpEventsForFilter(EventDispatchThread.java:124) [?:?]
	at java.awt.EventDispatchThread.pumpEventsForHierarchy(EventDispatchThread.java:113) [?:?]
	at java.awt.EventDispatchThread.pumpEvents(EventDispatchThread.java:109) [?:?]
	at java.awt.EventDispatchThread.pumpEvents(EventDispatchThread.java:101) [?:?]
	at java.awt.EventDispatchThread.run(EventDispatchThread.java:90) [?:?]
Caused by: java.lang.NoClassDefFoundError: javafx/embed/swing/JFXPanel
	at java.lang.Class.getDeclaredConstructors0(Native Method) ~[?:?]
	at java.lang.Class.privateGetDeclaredConstructors(Class.java:3429) ~[?:?]
	at java.lang.Class.getConstructor0(Class.java:3634) ~[?:?]
	at java.lang.Class.getConstructor(Class.java:2324) ~[?:?]
	at java.util.ServiceLoader$1.run(ServiceLoader.java:666) ~[?:?]
	at java.util.ServiceLoader$1.run(ServiceLoader.java:663) ~[?:?]
	at java.security.AccessController.doPrivileged(AccessController.java:569) [?:?]
	at java.util.ServiceLoader.getConstructor(ServiceLoader.java:674) ~[?:?]
	... 40 more
Caused by: java.lang.ClassNotFoundException: javafx.embed.swing.JFXPanel
	at java.net.URLClassLoader.findClass(URLClassLoader.java:445) ~[?:?]
	at java.lang.ClassLoader.loadClass(ClassLoader.java:588) ~[?:?]
	at java.lang.ClassLoader.loadClass(ClassLoader.java:521) ~[?:?]
	at java.lang.Class.getDeclaredConstructors0(Native Method) ~[?:?]
	at java.lang.Class.privateGetDeclaredConstructors(Class.java:3429) ~[?:?]
	at java.lang.Class.getConstructor0(Class.java:3634) ~[?:?]
	at java.lang.Class.getConstructor(Class.java:2324) ~[?:?]
	at java.util.ServiceLoader$1.run(ServiceLoader.java:666) ~[?:?]
	at java.util.ServiceLoader$1.run(ServiceLoader.java:663) ~[?:?]
	at java.security.AccessController.doPrivileged(AccessController.java:569) ~[?:?]
	at java.util.ServiceLoader.getConstructor(ServiceLoader.java:674) ~[?:?]
	... 40 more
2023-06-30 15:10:02,919 INFO o.a.j.s.FileServer: Set new base='/Users/tmarsh/repos/utility_helper/performance'
2023-06-30 15:10:30,744 INFO o.a.j.e.StandardJMeterEngine: Running the test!
2023-06-30 15:10:30,745 INFO o.a.j.s.SampleEvent: List of sample_variables: []
2023-06-30 15:10:30,745 INFO o.a.j.s.SampleEvent: List of sample_variables: []
2023-06-30 15:10:30,746 INFO o.a.j.e.u.CompoundVariable: Note: Function class names must contain the string: '.functions.'
2023-06-30 15:10:30,746 INFO o.a.j.e.u.CompoundVariable: Note: Function class names must not contain the string: '.gui.'
2023-06-30 15:10:30,773 INFO o.a.j.g.u.JMeterMenuBar: setRunning(true, *local*)
2023-06-30 15:10:30,796 INFO o.a.j.e.StandardJMeterEngine: Starting ThreadGroup: 1 : Restlette
2023-06-30 15:10:30,796 INFO o.a.j.e.StandardJMeterEngine: Starting 20 threads for group Restlette.
2023-06-30 15:10:30,796 INFO o.a.j.e.StandardJMeterEngine: Thread will continue on error
2023-06-30 15:10:30,796 INFO o.a.j.t.ThreadGroup: Starting thread group... number=1 threads=20 ramp-up=1 delayedStart=false
2023-06-30 15:10:30,801 INFO o.a.j.t.JMeterThread: Thread started: Restlette 1-1
2023-06-30 15:10:30,802 INFO o.a.j.s.FileServer: Stored: /Users/tmarsh/repos/utility_helper/performance/data/files.csv
2023-06-30 15:10:30,805 INFO o.a.j.t.ThreadGroup: Started thread group number 1
2023-06-30 15:10:30,805 INFO o.a.j.e.StandardJMeterEngine: All thread groups have been started
2023-06-30 15:10:30,818 INFO o.a.j.p.h.s.HTTPHCAbstractImpl: Local host = AndALeg-4.local
2023-06-30 15:10:30,822 INFO o.a.j.p.h.s.HTTPHC4Impl: HTTP request retry count = 0
2023-06-30 15:10:30,855 INFO o.a.j.t.JMeterThread: Thread started: Restlette 1-2
2023-06-30 15:10:30,902 INFO o.a.j.t.JMeterThread: Thread started: Restlette 1-3
2023-06-30 15:10:30,950 INFO o.a.j.t.JMeterThread: Thread started: Restlette 1-4
2023-06-30 15:10:31,003 INFO o.a.j.t.JMeterThread: Thread started: Restlette 1-5
2023-06-30 15:10:31,053 INFO o.a.j.t.JMeterThread: Thread started: Restlette 1-6
2023-06-30 15:10:31,097 INFO o.a.j.t.JMeterThread: Thread started: Restlette 1-7
2023-06-30 15:10:31,152 INFO o.a.j.t.JMeterThread: Thread started: Restlette 1-8
2023-06-30 15:10:31,200 INFO o.a.j.t.JMeterThread: Thread started: Restlette 1-9
2023-06-30 15:10:31,251 INFO o.a.j.t.JMeterThread: Thread started: Restlette 1-10
2023-06-30 15:10:31,297 INFO o.a.j.t.JMeterThread: Thread started: Restlette 1-11
2023-06-30 15:10:31,353 INFO o.a.j.t.JMeterThread: Thread started: Restlette 1-12
2023-06-30 15:10:31,401 INFO o.a.j.t.JMeterThread: Thread started: Restlette 1-13
2023-06-30 15:10:31,447 INFO o.a.j.t.JMeterThread: Thread started: Restlette 1-14
2023-06-30 15:10:31,497 INFO o.a.j.t.JMeterThread: Thread started: Restlette 1-15
2023-06-30 15:10:31,553 INFO o.a.j.t.JMeterThread: Thread started: Restlette 1-16
2023-06-30 15:10:31,604 INFO o.a.j.t.JMeterThread: Thread started: Restlette 1-17
2023-06-30 15:10:31,652 INFO o.a.j.t.JMeterThread: Thread started: Restlette 1-18
2023-06-30 15:10:31,702 INFO o.a.j.t.JMeterThread: Thread started: Restlette 1-19
2023-06-30 15:10:31,753 INFO o.a.j.t.JMeterThread: Thread started: Restlette 1-20
2023-06-30 15:11:05,131 INFO o.a.j.t.JMeterThread: Thread is done: Restlette 1-8
2023-06-30 15:11:05,132 INFO o.a.j.t.JMeterThread: Thread finished: Restlette 1-8
2023-06-30 15:11:05,257 INFO o.a.j.t.JMeterThread: Thread is done: Restlette 1-7
2023-06-30 15:11:05,257 INFO o.a.j.t.JMeterThread: Thread finished: Restlette 1-7
2023-06-30 15:11:05,303 INFO o.a.j.t.JMeterThread: Thread is done: Restlette 1-6
2023-06-30 15:11:05,303 INFO o.a.j.t.JMeterThread: Thread finished: Restlette 1-6
2023-06-30 15:11:06,023 INFO o.a.j.t.JMeterThread: Thread is done: Restlette 1-18
2023-06-30 15:11:06,024 INFO o.a.j.t.JMeterThread: Thread finished: Restlette 1-18
2023-06-30 15:11:06,030 INFO o.a.j.t.JMeterThread: Thread is done: Restlette 1-5
2023-06-30 15:11:06,031 INFO o.a.j.t.JMeterThread: Thread finished: Restlette 1-5
2023-06-30 15:11:06,085 INFO o.a.j.t.JMeterThread: Thread is done: Restlette 1-3
2023-06-30 15:11:06,086 INFO o.a.j.t.JMeterThread: Thread finished: Restlette 1-3
2023-06-30 15:11:06,124 INFO o.a.j.t.JMeterThread: Thread is done: Restlette 1-1
2023-06-30 15:11:06,126 INFO o.a.j.t.JMeterThread: Thread finished: Restlette 1-1
2023-06-30 15:11:06,250 INFO o.a.j.t.JMeterThread: Thread is done: Restlette 1-2
2023-06-30 15:11:06,250 INFO o.a.j.t.JMeterThread: Thread finished: Restlette 1-2
2023-06-30 15:11:06,250 INFO o.a.j.t.JMeterThread: Thread is done: Restlette 1-14
2023-06-30 15:11:06,250 INFO o.a.j.t.JMeterThread: Thread finished: Restlette 1-14
2023-06-30 15:11:06,256 INFO o.a.j.t.JMeterThread: Thread is done: Restlette 1-11
2023-06-30 15:11:06,256 INFO o.a.j.t.JMeterThread: Thread finished: Restlette 1-11
2023-06-30 15:11:06,405 INFO o.a.j.t.JMeterThread: Thread is done: Restlette 1-15
2023-06-30 15:11:06,405 INFO o.a.j.t.JMeterThread: Thread finished: Restlette 1-15
2023-06-30 15:11:07,020 INFO o.a.j.t.JMeterThread: Thread is done: Restlette 1-10
2023-06-30 15:11:07,020 INFO o.a.j.t.JMeterThread: Thread finished: Restlette 1-10
2023-06-30 15:11:07,087 INFO o.a.j.t.JMeterThread: Thread is done: Restlette 1-13
2023-06-30 15:11:07,087 INFO o.a.j.t.JMeterThread: Thread finished: Restlette 1-13
2023-06-30 15:11:07,194 INFO o.a.j.t.JMeterThread: Thread is done: Restlette 1-19
2023-06-30 15:11:07,195 INFO o.a.j.t.JMeterThread: Thread finished: Restlette 1-19
2023-06-30 15:11:07,251 INFO o.a.j.t.JMeterThread: Thread is done: Restlette 1-4
2023-06-30 15:11:07,251 INFO o.a.j.t.JMeterThread: Thread finished: Restlette 1-4
2023-06-30 15:11:07,303 INFO o.a.j.t.JMeterThread: Thread is done: Restlette 1-16
2023-06-30 15:11:07,303 INFO o.a.j.t.JMeterThread: Thread is done: Restlette 1-20
2023-06-30 15:11:07,303 INFO o.a.j.t.JMeterThread: Thread finished: Restlette 1-20
2023-06-30 15:11:07,303 INFO o.a.j.t.JMeterThread: Thread finished: Restlette 1-16
2023-06-30 15:11:07,361 INFO o.a.j.t.JMeterThread: Thread is done: Restlette 1-9
2023-06-30 15:11:07,361 INFO o.a.j.t.JMeterThread: Thread finished: Restlette 1-9
2023-06-30 15:11:07,571 INFO o.a.j.t.JMeterThread: Thread is done: Restlette 1-17
2023-06-30 15:11:07,571 INFO o.a.j.t.JMeterThread: Thread finished: Restlette 1-17
2023-06-30 15:11:07,676 INFO o.a.j.t.JMeterThread: Thread is done: Restlette 1-12
2023-06-30 15:11:07,677 INFO o.a.j.t.JMeterThread: Thread finished: Restlette 1-12
2023-06-30 15:11:07,677 INFO o.a.j.e.StandardJMeterEngine: Notifying test listeners of end of test
2023-06-30 15:11:07,678 INFO o.a.j.s.FileServer: Close: /Users/tmarsh/repos/utility_helper/performance/data/files.csv
2023-06-30 15:11:07,680 INFO o.a.j.g.u.JMeterMenuBar: setRunning(false, *local*)
